nohup: ввод игнорируется
/home/doc/python_projects/my_env/lib/python3.10/site-packages/scipy/optimize/_differentialevolution.py:486: UserWarning: differential_evolution: the 'workers' keyword has overridden updating='immediate' to updating='deferred'
  with DifferentialEvolutionSolver(func, bounds, args=args,
======================================================================
LOO-CV: 15 G1 + 8 G2 = 23 LOO fits
======================================================================
Loaded baseline RMSEs from analyses/22_predictive_check/results/sigmas.json
Total LOO fits: 23
  G1 targets (t_value): [1.0, 2.0, 3.0, 4.0, 5.0, 6.0, 7.0, 8.0, 9.0, 10.0, 11.0, 12.0, 13.0, 14.0, 19.0]
  G2 targets (t_value): [1.0, 2.0, 3.0, 4.0, 5.0, 6.0, 7.0, 8.0]

[ 1/23] G1 t=  1.0 cost=1.0490 PRESS=3.928 (935s), total=15.6m ETA=342.8m
[ 2/23] G1 t=  2.0 cost=0.9381 PRESS=9.110 (910s), total=30.8m ETA=322.9m
[ 3/23] G1 t=  3.0 cost=1.0078 PRESS=8.822 (715s), total=42.7m ETA=284.4m
[ 4/23] G1 t=  4.0 cost=1.0340 PRESS=10.477 (986s), total=59.1m ETA=280.7m
[ 5/23] G1 t=  5.0 cost=0.9906 PRESS=5.546 (631s), total=69.6m ETA=250.6m
[ 6/23] G1 t=  6.0 cost=1.0475 PRESS=4.507 (1190s), total=89.4m ETA=253.4m
[ 7/23] G1 t=  7.0 cost=1.0406 PRESS=8.570 (1432s), total=113.3m ETA=259.0m
[ 8/23] G1 t=  8.0 cost=0.9835 PRESS=18.268 (619s), total=123.6m ETA=231.8m
[ 9/23] G1 t=  9.0 cost=1.0567 PRESS=3.507 (882s), total=138.3m ETA=215.2m
[10/23] G1 t= 10.0 cost=1.0574 PRESS=3.075 (908s), total=153.5m ETA=199.5m
[11/23] G1 t= 11.0 cost=0.9997 PRESS=24.484 (1864s), total=184.5m ETA=201.3m
[12/23] G1 t= 12.0 cost=1.0149 PRESS=4.500 (586s), total=194.3m ETA=178.1m
[13/23] G1 t= 13.0 cost=0.9983 PRESS=6.501 (620s), total=204.6m ETA=157.4m
[14/23] G1 t= 14.0 cost=1.0352 PRESS=9.438 (1087s), total=222.8m ETA=143.2m
[15/23] G1 t= 19.0 cost=1.0585 PRESS=2.290 (1219s), total=243.1m ETA=129.6m
[16/23] G2 t=  1.0 cost=0.9829 PRESS=76.574 (1467s), total=267.5m ETA=117.0m
[17/23] G2 t=  2.0 cost=0.9511 PRESS=13.355 (905s), total=282.6m ETA=99.7m
[18/23] G2 t=  3.0 cost=1.0473 PRESS=30.443 (866s), total=297.0m ETA=82.5m
[19/23] G2 t=  4.0 cost=1.0255 PRESS=38.602 (1707s), total=325.5m ETA=68.5m
[20/23] G2 t=  5.0 cost=1.0409 PRESS=19.756 (774s), total=338.4m ETA=50.8m
[21/23] G2 t=  6.0 cost=1.0354 PRESS=8.585 (517s), total=347.0m ETA=33.0m
[22/23] G2 t=  7.0 cost=0.9653 PRESS=2.420 (918s), total=362.3m ETA=16.5m
[23/23] G2 t=  8.0 cost=1.0190 PRESS=21.459 (574s), total=371.9m ETA=0.0m

==========================================================================================
group |     t |    cost |    PRESS |  recalc | thrombin |     fib |    xiii |      AP |       D
------------------------------------------------------------------------------------------
   G1 |   1.0 |  1.0490 |    3.928 |   0.096 |   0.196 |   0.295 |   2.862 |   0.103 |   0.376
   G1 |   2.0 |  0.9381 |    9.110 |   0.453 |   0.215 |   1.989 |   4.573 |   0.994 |   0.886
   G1 |   3.0 |  1.0078 |    8.822 |   1.814 |   0.580 |   3.298 |   0.906 |   1.915 |   0.308
   G1 |   4.0 |  1.0340 |   10.477 |   0.645 |   1.543 |   0.777 |   0.012 |   5.744 |   1.756
   G1 |   5.0 |  0.9906 |    5.546 |   0.385 |   0.090 |   1.676 |   1.040 |   0.270 |   2.085
   G1 |   6.0 |  1.0475 |    4.507 |   0.750 |   0.389 |   1.503 |   1.367 |   0.088 |   0.411
   G1 |   7.0 |  1.0406 |    8.570 |   2.630 |   3.146 |   0.457 |   0.030 |   0.000 |   2.307
   G1 |   8.0 |  0.9835 |   18.268 |   6.443 |   4.999 |   0.200 |   0.026 |   0.200 |   6.401
   G1 |   9.0 |  1.0567 |    3.507 |   1.312 |   0.948 |   0.043 |   0.089 |   0.202 |   0.914
   G1 |  10.0 |  1.0574 |    3.075 |   1.748 |   0.555 |   0.390 |   0.073 |   0.056 |   0.252
   G1 |  11.0 |  0.9997 |   24.484 |   7.509 |   8.228 |   0.024 |   1.463 |   7.031 |   0.228
   G1 |  12.0 |  1.0149 |    4.500 |   0.660 |   0.925 |   0.626 |   0.267 |   1.839 |   0.183
   G1 |  13.0 |  0.9983 |    6.501 |   2.068 |   0.527 |   0.115 |   0.708 |   1.445 |   1.637
   G1 |  14.0 |  1.0352 |    9.438 |   0.184 |   0.723 |   2.286 |   0.004 |   2.756 |   3.485
   G1 |  19.0 |  1.0585 |    2.290 |   0.040 |   0.005 |   0.096 |   0.962 |   0.160 |   1.027
   G2 |   1.0 |  0.9829 |   76.574 |   2.088 |   2.723 |  15.445 |   0.601 |  46.679 |   9.038
   G2 |   2.0 |  0.9511 |   13.355 |   1.583 |   0.474 |   4.776 |   2.676 |   2.767 |   1.079
   G2 |   3.0 |  1.0473 |   30.443 |  13.200 |   2.008 |   0.634 |   0.006 |  14.594 |   0.000
   G2 |   4.0 |  1.0255 |   38.602 |  14.818 |   8.263 |   5.192 |   1.309 |   8.775 |   0.245
   G2 |   5.0 |  1.0409 |   19.756 |   2.636 |  14.609 |   0.602 |   0.040 |   0.467 |   1.402
   G2 |   6.0 |  1.0354 |    8.585 |   0.573 |   1.168 |   0.954 |   1.350 |   0.571 |   3.969
   G2 |   7.0 |  0.9653 |    2.420 |   0.005 |   0.289 |   0.050 |   0.040 |   0.073 |   1.963
   G2 |   8.0 |  1.0190 |   21.459 |   0.057 |   0.493 |   0.023 |   0.000 |  15.737 |   5.149

Total: 6.20h, 23 OK, 0 failed
