nohup: ввод игнорируется
/home/doc/python_projects/my_env/lib/python3.10/site-packages/scipy/optimize/_differentialevolution.py:486: UserWarning: differential_evolution: the 'workers' keyword has overridden updating='immediate' to updating='deferred'
  with DifferentialEvolutionSolver(func, bounds, args=args,
======================================================================
v13_gs (group-specific cx) — analysis 07
  parameter space: 27 (26 v13 + cx_g2)
  cx_g2 bounds: (10, 600) — same as cx_g1
  seeds: [42, 7, 123], quick mode
======================================================================
[v13_gs seed=42] running v13_gs fit (key=67e3a82b4a4978d3, quick=True, seeds=[42], w_group=(1.0, 1.0))...
[v13_gs seed=42] DONE  (1411s, cost=1.0449, R2_G1=0.828, R2_G2=0.656, cx_g1=600.0, cx_g2=599.6)
[v13_gs seed=7] running v13_gs fit (key=3c0682f82622a6f3, quick=True, seeds=[7], w_group=(1.0, 1.0))...
[v13_gs seed=7] DONE  (522s, cost=1.0462, R2_G1=0.826, R2_G2=0.661, cx_g1=600.0, cx_g2=599.0)
[v13_gs seed=123] running v13_gs fit (key=32c54814a52eb058, quick=True, seeds=[123], w_group=(1.0, 1.0))...
[v13_gs seed=123] DONE  (516s, cost=1.0452, R2_G1=0.826, R2_G2=0.660, cx_g1=600.0, cx_g2=599.9)

==============================================================================================================
seed |    cost |   R²_G1 |   R²_G2 |  cx_g1 |  cx_g2 |  ratio |  xiii_G2 |  recalc |      AP |       D
--------------------------------------------------------------------------------------------------------------
  42 |  1.0449 | +0.8276 | +0.6556 |  600.0 |  599.6 |  0.999 |  +0.7549 | +0.7185 | +0.7274 | +0.5414
   7 |  1.0462 | +0.8260 | +0.6609 |  600.0 |  599.0 |  0.998 |  +0.7604 | +0.7269 | +0.7357 | +0.5458
 123 |  1.0452 | +0.8264 | +0.6596 |  600.0 |  599.9 |  1.000 |  +0.7217 | +0.7445 | +0.7465 | +0.5421

Comparison to analysis 05 v13 baseline (cx shared, default):
  baseline R²_G1 avg by seed: [42: 0.8334, 7: 0.8342, 123: 0.8275]
  baseline R²_G2 avg by seed: [42: 0.6920, 7: 0.7141, 123: 0.7517]
  baseline xiii_G2 R² by seed: [42: 0.0772, 7: 0.3581, 123: 0.4307]

Spreads across seeds:
  Δcost      = 0.0013
  ΔR²_G2 avg = 0.0053
  Δxiii_G2   = 0.0387
  Δcx_g1     = 0.0
  Δcx_g2     = 0.9

Saved -> /media/ssd2/ai_projects/boiarchuk_neutrophil_dic_model_final/analyses/07_groupspec_cx/results/summary.json
