===== Starting analysis 21 sequential runs =====
Started: 2026-05-11 21:01:47

===== Sub-analysis 21a: alpha scan =====
Started 21a: 21:01:47
/home/doc/python_projects/my_env/lib/python3.10/site-packages/scipy/optimize/_differentialevolution.py:486: UserWarning: differential_evolution: the 'workers' keyword has overridden updating='immediate' to updating='deferred'
  with DifferentialEvolutionSolver(func, bounds, args=args,
======================================================================
Sub-analysis 21a: α-scan of N(t)
α values: [0.8, 0.9, 1.0, 1.1, 1.2]
======================================================================
α=0.80: cost=1.0484, R²_G1=0.827, R²_G2=0.655 (921s), total=15.4m
α=0.90: cost=1.0500, R²_G1=0.819, R²_G2=0.682 (1393s), total=38.6m
α=1.00: cost=1.0442, R²_G1=0.828, R²_G2=0.648 (1071s), total=56.4m
α=1.10: cost=0.9557, R²_G1=0.831, R²_G2=0.735 (923s), total=71.8m
α=1.20: cost=0.9586, R²_G1=0.829, R²_G2=0.769 (950s), total=87.6m

    α |    cost |   R²_G1 |   R²_G2
 0.80 |  1.0484 | +0.8267 | +0.6547
 0.90 |  1.0500 | +0.8191 | +0.6823
 1.00 |  1.0442 | +0.8283 | +0.6480
 1.10 |  0.9557 | +0.8310 | +0.7353
 1.20 |  0.9586 | +0.8290 | +0.7693

Total: 87.6m
Finished 21a: 22:29:26

===== Sub-analysis 21b: stochastic sigma=10% =====
Started 21b: 22:29:26
/home/doc/python_projects/my_env/lib/python3.10/site-packages/scipy/optimize/_differentialevolution.py:486: UserWarning: differential_evolution: the 'workers' keyword has overridden updating='immediate' to updating='deferred'
  with DifferentialEvolutionSolver(func, bounds, args=args,
======================================================================
Sub-analysis 21b: stochastic σ=10%
  CV: 10% → σ_log = ln(1.10) ≈ 0.0953
  N iterations: 20
======================================================================
[ 1/20] seed=1 cost=0.9609 R²_G1=0.827 R²_G2=0.770 (1455s), total=24.3m ETA=460.8m
[ 2/20] seed=2 cost=1.0603 R²_G1=0.818 R²_G2=0.673 (817s), total=37.9m ETA=340.8m
[ 3/20] seed=3 cost=1.0011 R²_G1=0.812 R²_G2=0.730 (702s), total=49.6m ETA=280.9m
[ 4/20] seed=4 cost=0.9470 R²_G1=0.829 R²_G2=0.797 (1161s), total=68.9m ETA=275.7m
[ 5/20] seed=5 cost=0.9925 R²_G1=0.827 R²_G2=0.666 (1119s), total=87.6m ETA=262.7m
[ 6/20] seed=6 cost=0.9939 R²_G1=0.817 R²_G2=0.728 (1610s), total=114.4m ETA=266.9m
[ 7/20] seed=7 cost=1.0760 R²_G1=0.816 R²_G2=0.643 (918s), total=129.7m ETA=240.9m
[ 8/20] seed=8 cost=1.0086 R²_G1=0.816 R²_G2=0.696 (902s), total=144.7m ETA=217.1m
[ 9/20] seed=9 cost=1.0626 R²_G1=0.822 R²_G2=0.654 (1353s), total=167.3m ETA=204.5m
[10/20] seed=10 cost=1.0631 R²_G1=0.818 R²_G2=0.663 (1231s), total=187.8m ETA=187.8m
[11/20] seed=11 cost=1.0450 R²_G1=0.823 R²_G2=0.670 (1153s), total=207.0m ETA=169.4m
[12/20] seed=12 cost=0.9695 R²_G1=0.829 R²_G2=0.765 (903s), total=222.1m ETA=148.1m
[13/20] seed=13 cost=0.9706 R²_G1=0.822 R²_G2=0.803 (784s), total=235.1m ETA=126.6m
[14/20] seed=14 cost=1.0037 R²_G1=0.819 R²_G2=0.682 (967s), total=251.3m ETA=107.7m
[15/20] seed=15 cost=1.0038 R²_G1=0.814 R²_G2=0.709 (1474s), total=275.8m ETA=91.9m
[16/20] seed=16 cost=0.9362 R²_G1=0.838 R²_G2=0.718 (780s), total=288.8m ETA=72.2m
[17/20] seed=17 cost=1.0391 R²_G1=0.829 R²_G2=0.651 (1130s), total=307.7m ETA=54.3m
[18/20] seed=18 cost=1.0833 R²_G1=0.814 R²_G2=0.653 (954s), total=323.6m ETA=36.0m
[19/20] seed=19 cost=1.0329 R²_G1=0.828 R²_G2=0.669 (1049s), total=341.0m ETA=17.9m
[20/20] seed=20 cost=1.0500 R²_G1=0.825 R²_G2=0.648 (820s), total=354.7m ETA=0.0m

Total: 5.91h
Finished 21b: 04:24:09

===== Sub-analysis 21c: stochastic sigma=20% =====
Started 21c: 04:24:09
/home/doc/python_projects/my_env/lib/python3.10/site-packages/scipy/optimize/_differentialevolution.py:486: UserWarning: differential_evolution: the 'workers' keyword has overridden updating='immediate' to updating='deferred'
  with DifferentialEvolutionSolver(func, bounds, args=args,
======================================================================
Sub-analysis 21c: stochastic σ=20%
  CV: 20% → σ_log = ln(1.20) ≈ 0.1823
  N iterations: 20
======================================================================
[ 1/20] seed=1 cost=1.0080 R²_G1=0.814 R²_G2=0.770 (708s), total=11.8m ETA=224.3m
[ 2/20] seed=2 cost=1.0448 R²_G1=0.822 R²_G2=0.648 (796s), total=25.1m ETA=225.7m
[ 3/20] seed=3 cost=1.0542 R²_G1=0.778 R²_G2=0.783 (820s), total=38.7m ETA=219.5m
[ 4/20] seed=4 cost=0.9536 R²_G1=0.824 R²_G2=0.807 (884s), total=53.5m ETA=213.9m
[ 5/20] seed=5 cost=1.0245 R²_G1=0.805 R²_G2=0.740 (757s), total=66.1m ETA=198.2m
[ 6/20] seed=6 cost=1.0133 R²_G1=0.802 R²_G2=0.740 (943s), total=81.8m ETA=190.9m
[ 7/20] seed=7 cost=1.0939 R²_G1=0.815 R²_G2=0.626 (1265s), total=102.9m ETA=191.1m
[ 8/20] seed=8 cost=1.0663 R²_G1=0.783 R²_G2=0.719 (780s), total=115.9m ETA=173.8m
[ 9/20] seed=9 cost=1.0097 R²_G1=0.808 R²_G2=0.696 (803s), total=129.3m ETA=158.0m
[10/20] seed=10 cost=0.9904 R²_G1=0.815 R²_G2=0.740 (868s), total=143.7m ETA=143.7m
[11/20] seed=11 cost=0.9497 R²_G1=0.828 R²_G2=0.792 (1627s), total=170.8m ETA=139.8m
[12/20] seed=12 cost=0.9709 R²_G1=0.821 R²_G2=0.780 (1023s), total=187.9m ETA=125.3m
[13/20] seed=13 cost=0.9642 R²_G1=0.825 R²_G2=0.740 (784s), total=201.0m ETA=108.2m
[14/20] seed=14 cost=1.0627 R²_G1=0.799 R²_G2=0.606 (907s), total=216.1m ETA=92.6m
[15/20] seed=15 cost=1.0194 R²_G1=0.797 R²_G2=0.789 (1297s), total=237.7m ETA=79.2m
[16/20] seed=16 cost=0.9327 R²_G1=0.837 R²_G2=0.741 (988s), total=254.2m ETA=63.5m
[17/20] seed=17 cost=1.0099 R²_G1=0.811 R²_G2=0.674 (957s), total=270.1m ETA=47.7m
[18/20] seed=18 cost=1.0635 R²_G1=0.784 R²_G2=0.729 (739s), total=282.4m ETA=31.4m
[19/20] seed=19 cost=0.9816 R²_G1=0.821 R²_G2=0.721 (1171s), total=301.9m ETA=15.9m
[20/20] seed=20 cost=0.9536 R²_G1=0.828 R²_G2=0.761 (1255s), total=322.9m ETA=0.0m

Total: 5.38h
Finished 21c: 09:47:02

===== All analyses 21 complete =====
Finished: 2026-05-12 09:47:02
